<?xml version="1.0" encoding="UTF-8"?>
<!-- Generated by org.testng.reporters.JUnitReportReporter -->
<testsuite hostname="LAPTOP-LSU5H1QQ" failures="0" tests="1" name="TestRunner.CucumberTestRunner" time="4.249" errors="0" timestamp="2025-04-12T20:11:52 IST" skipped="0">
  <testcase classname="TestRunner.CucumberTestRunner" name="runScenario" time="4.249"/>
</testsuite> <!-- TestRunner.CucumberTestRunner -->
