<?xml version="1.0" encoding="UTF-8"?>
<!-- Generated by org.testng.reporters.JUnitReportReporter -->
<testsuite hostname="LAPTOP-LSU5H1QQ" failures="0" tests="4" name="practiceTestNG.Parallel" time="0.082" errors="0" timestamp="2025-03-11T12:12:32 IST" skipped="0">
  <testcase classname="practiceTestNG.Parallel" name="sample2" time="0.021"/>
  <system-out/>
  <testcase classname="practiceTestNG.Parallel" name="sample1" time="0.020"/>
  <system-out/>
  <testcase classname="practiceTestNG.Parallel" name="sample4" time="0.021"/>
  <system-out/>
  <testcase classname="practiceTestNG.Parallel" name="sample3" time="0.020"/>
  <system-out/>
</testsuite> <!-- practiceTestNG.Parallel -->
