<?xml version="1.0" encoding="UTF-8"?>
<!-- Generated by org.testng.reporters.JUnitReportReporter -->
<testsuite hostname="LAPTOP-LSU5H1QQ" failures="0" tests="3" name="practiceTestNG.Priority" time="0.014" errors="0" timestamp="2025-03-11T10:01:01 IST" skipped="0">
  <testcase classname="practiceTestNG.Priority" name="sample1" time="0.012"/>
  <testcase classname="practiceTestNG.Priority" name="sample" time="0.001"/>
  <testcase classname="practiceTestNG.Priority" name="sample3" time="0.001"/>
</testsuite> <!-- practiceTestNG.Priority -->
