<?xml version="1.0" encoding="UTF-8"?>
<!-- Generated by org.testng.reporters.JUnitReportReporter -->
<testsuite hostname="LAPTOP-LSU5H1QQ" failures="0" tests="3" name="practiceTestNG.Ignoring" time="0.012" errors="0" timestamp="2025-03-11T10:22:24 IST" skipped="1">
  <testcase classname="practiceTestNG.Ignoring" name="sample" time="0.011"/>
  <testcase classname="practiceTestNG.Ignoring" name="sample" time="0.001"/>
  <testcase classname="practiceTestNG.Ignoring" name="sample1">
    <skipped/>
  </testcase> <!-- sample1 -->
</testsuite> <!-- practiceTestNG.Ignoring -->
