<?xml version="1.0" encoding="UTF-8"?>
<!-- Generated by org.testng.reporters.JUnitReportReporter -->
<testsuite hostname="LAPTOP-LSU5H1QQ" failures="0" tests="5" name="practiceTestNG.INvocationCount" time="0.018" errors="0" timestamp="2025-03-11T10:07:55 IST" skipped="0">
  <testcase classname="practiceTestNG.INvocationCount" name="sample" time="0.003"/>
  <testcase classname="practiceTestNG.INvocationCount" name="sample" time="0.001"/>
  <testcase classname="practiceTestNG.INvocationCount" name="sample" time="0.009"/>
  <testcase classname="practiceTestNG.INvocationCount" name="sample" time="0.002"/>
  <testcase classname="practiceTestNG.INvocationCount" name="sample" time="0.003"/>
</testsuite> <!-- practiceTestNG.INvocationCount -->
