<?xml version="1.0" encoding="UTF-8"?>
<!-- Generated by org.testng.reporters.JUnitReportReporter -->
<testsuite hostname="LAPTOP-LSU5H1QQ" failures="0" tests="1" name="restAPI.ModifyData" time="1.813" errors="0" timestamp="2025-03-09T22:59:01 IST" skipped="0">
  <testcase classname="restAPI.ModifyData" name="changeData" time="1.813"/>
  <system-out/>
</testsuite> <!-- restAPI.ModifyData -->
