<?xml version="1.0" encoding="UTF-8"?>
<!-- Generated by org.testng.reporters.JUnitReportReporter -->
<testsuite hostname="LAPTOP-LSU5H1QQ" failures="0" tests="1" name="restAPI.PathParam" time="1.598" errors="0" timestamp="2025-03-10T06:54:04 IST" skipped="0">
  <testcase classname="restAPI.PathParam" name="sentPath" time="1.598"/>
  <system-out/>
</testsuite> <!-- restAPI.PathParam -->
