<?xml version="1.0" encoding="UTF-8"?>
<!-- Generated by org.testng.reporters.JUnitReportReporter -->
<testsuite hostname="LAPTOP-LSU5H1QQ" failures="0" tests="1" name="restAPI.JsonRes" time="1.529" errors="0" timestamp="2025-03-10T08:01:30 IST" skipped="0">
  <testcase classname="restAPI.JsonRes" name="jsonResponse" time="1.529"/>
  <system-out/>
</testsuite> <!-- restAPI.JsonRes -->
