<?xml version="1.0" encoding="UTF-8"?>
<!-- Generated by org.testng.reporters.JUnitReportReporter -->
<testsuite hostname="LAPTOP-LSU5H1QQ" failures="0" tests="1" name="restAssuredTest.TestApi" time="3.111" errors="0" timestamp="2025-03-06T22:36:35 IST" skipped="0">
  <testcase classname="restAssuredTest.TestApi" name="Test" time="3.111"/>
  <system-out/>
</testsuite> <!-- restAssuredTest.TestApi -->
