<?xml version="1.0" encoding="UTF-8"?>
<!-- Generated by org.testng.reporters.JUnitReportReporter -->
<testsuite hostname="LAPTOP-LSU5H1QQ" failures="0" tests="1" name="restAPI.QueryParam" time="1.588" errors="0" timestamp="2025-03-10T07:15:37 IST" skipped="0">
  <testcase classname="restAPI.QueryParam" name="sentQuery" time="1.588"/>
  <system-out/>
</testsuite> <!-- restAPI.QueryParam -->
