<?xml version="1.0" encoding="UTF-8"?>
<!-- Generated by org.testng.reporters.JUnitReportReporter -->
<testsuite hostname="LAPTOP-LSU5H1QQ" failures="0" tests="3" name="restAPI.ValidateResponse" time="3.616" errors="0" timestamp="2025-03-06T22:06:41 IST" skipped="0">
  <testcase classname="restAPI.ValidateResponse" name="testLogin" time="0.630"/>
  <testcase classname="restAPI.ValidateResponse" name="testLogin" time="0.608"/>
  <testcase classname="restAPI.ValidateResponse" name="testLogin" time="2.378"/>
</testsuite> <!-- restAPI.ValidateResponse -->
