<?xml version="1.0" encoding="UTF-8"?>
<!-- Generated by org.testng.reporters.JUnitReportReporter -->
<testsuite hostname="LAPTOP-LSU5H1QQ" failures="0" tests="1" name="restAPI.BasicAuth" time="4.227" errors="0" timestamp="2025-03-10T07:16:48 IST" skipped="0">
  <testcase classname="restAPI.BasicAuth" name="basicA" time="4.227"/>
  <system-out/>
</testsuite> <!-- restAPI.BasicAuth -->
