<?xml version="1.0" encoding="UTF-8"?>
<!-- Generated by org.testng.reporters.JUnitReportReporter -->
<testsuite hostname="LAPTOP-LSU5H1QQ" failures="0" tests="1" name="restAssuredTest.Authentication" time="2.836" errors="0" timestamp="2025-03-06T23:41:42 IST" skipped="0">
  <testcase classname="restAssuredTest.Authentication" name="Authen" time="2.836"/>
  <system-out/>
</testsuite> <!-- restAssuredTest.Authentication -->
