<?xml version="1.0" encoding="UTF-8"?>
<!-- Generated by org.testng.reporters.JUnitReportReporter -->
<testsuite hostname="LAPTOP-LSU5H1QQ" failures="0" tests="1" name="restAssuredTest.PostRequest" time="1.968" errors="0" timestamp="2025-03-06T23:34:44 IST" skipped="0">
  <testcase classname="restAssuredTest.PostRequest" name="postReq" time="1.968"/>
  <system-out/>
</testsuite> <!-- restAssuredTest.PostRequest -->
