<?xml version="1.0" encoding="UTF-8"?>
<!-- Generated by org.testng.reporters.JUnitReportReporter -->
<testsuite hostname="LAPTOP-LSU5H1QQ" failures="0" tests="2" name="loginTest.TestNGRunner" time="20.920" errors="0" timestamp="2025-03-11T23:46:14 IST" skipped="0">
  <testcase classname="loginTest.TestNGRunner" name="runScenario" time="10.148"/>
  <testcase classname="loginTest.TestNGRunner" name="runScenario" time="10.772"/>
</testsuite> <!-- loginTest.TestNGRunner -->
