<?xml version="1.0" encoding="UTF-8"?>
<!-- Generated by org.testng.reporters.JUnitReportReporter -->
<testsuite hostname="LAPTOP-LSU5H1QQ" failures="0" tests="3" name="drivenTest.LoginSteps" time="0.023" errors="0" timestamp="2025-03-22T06:46:37 IST" skipped="0">
  <testcase classname="drivenTest.LoginSteps" name="testLogin" time="0.005"/>
  <testcase classname="drivenTest.LoginSteps" name="testLogin" time="0.012"/>
  <testcase classname="drivenTest.LoginSteps" name="testLogin" time="0.006"/>
</testsuite> <!-- drivenTest.LoginSteps -->
